This is pdfTeX, Version 3.1415926-2.5-1.40.14 (TeX Live 2013/Debian) (format=pdflatex 2014.4.28)  21 OCT 2014 21:36
entering extended mode
 restricted \write18 enabled.
 %&-line parsing enabled.
**/home/rodralez/my/doctorado/tesis/RGonzalez_tesis-doctorado.tex
(/home/rodralez/my/doctorado/tesis/RGonzalez_tesis-doctorado.tex
LaTeX2e <2011/06/27>
Babel <3.9f> and hyphenation patterns for 5 languages loaded.

! LaTeX Error: File `Classes/PhDThesisPSnPDF.cls' not found.

Type X to quit or <RETURN> to proceed,
or enter new name. (Default extension: cls)

Enter file name: x

 )
(\end occurred when \ifx on line 15 was incomplete)
(\end occurred when \ifx on line 15 was incomplete) 
Here is how much of TeX's memory you used:
 12 strings out of 494969
 426 string characters out of 6179593
 45860 words of memory out of 5000000
 3323 multiletter control sequences out of 15000+600000
 3640 words of font info for 14 fonts, out of 8000000 for 9000
 40 hyphenation exceptions out of 8191
 10i,0n,7p,316b,8s stack positions out of 5000i,500n,10000p,200000b,80000s

No pages of output.
PDF statistics:
 0 PDF objects out of 1000 (max. 8388607)
 0 named destinations out of 1000 (max. 500000)
 1 words of extra memory for PDF output out of 10000 (max. 10000000)

