#-----------------------------------------------------------
# Vivado v2015.4 (64-bit)
# SW Build 1412921 on Wed Nov 18 09:44:32 MST 2015
# IP Build 1412160 on Tue Nov 17 13:47:24 MST 2015
# Start of session at: Fri Sep 23 17:21:54 2016
# Process ID: 18302
# Current directory: /home/rodralez/my/td3/github
# Command line: vivado
# Log file: /home/rodralez/my/td3/github/vivado.log
# Journal file: /home/rodralez/my/td3/github/vivado.jou
#-----------------------------------------------------------
start_gui
open_project /home/rodralez/my/proyectos/2015_NAVEGO/hardware/microzed/project_1/project_1.xpr
Scanning sources...
Finished scanning sources
INFO: [IP_Flow 19-234] Refreshing IP repositories
INFO: [IP_Flow 19-1704] No user IP repositories specified
INFO: [IP_Flow 19-2313] Loaded Vivado IP repository '/opt/Xilinx/Vivado/2015.4/data/ip'.
open_project: Time (s): cpu = 00:00:18 ; elapsed = 00:00:13 . Memory (MB): peak = 5802.113 ; gain = 128.113 ; free physical = 216 ; free virtual = 10672
open_hw
connect_hw_server
INFO: [Labtools 27-2285] Connecting to hw_server url TCP:localhost:3121
INFO: [Labtools 27-2222] Launching hw_server...
INFO: [Labtools 27-2221] Launch Output:

****** Xilinx hw_server v2015.4
  **** Build date : Nov 18 2015-09:53:32
    ** Copyright 1986-1999, 2001-2015 Xilinx, Inc. All Rights Reserved.


ERROR: [Labtoolstcl 44-494] There is no active target available for server at localhost.
 Targets(s) ", jsn1jsn2jsn3jsn-DLC10-00001180496d01" may be locked by another hw_server.
launch_sdk -workspace /home/rodralez/my/proyectos/2015_NAVEGO/hardware/microzed/project_1/project_1.sdk -hwspec /home/rodralez/my/proyectos/2015_NAVEGO/hardware/microzed/project_1/project_1.sdk/design_1_wrapper.hdf
INFO: [Vivado 12-393] Launching SDK...
INFO: [Vivado 12-417] Running xsdk -workspace /home/rodralez/my/proyectos/2015_NAVEGO/hardware/microzed/project_1/project_1.sdk -hwspec /home/rodralez/my/proyectos/2015_NAVEGO/hardware/microzed/project_1/project_1.sdk/design_1_wrapper.hdf
INFO: [Vivado 12-3157] SDK launch initiated. Please check console for any further messages.
exit
INFO: [Common 17-206] Exiting Vivado at Fri Sep 23 17:36:40 2016...
